<?xml version="1.0" encoding="UTF-8" standalone="no"?><testsuite errors="2" failures="0" name="searching a word in google" skipped="0" tests="2" time="0.75" timestamp="2022-05-19 04:45:03"><testcase name="kai pan"><error message="Could not instantiate new WebDriver instance of type class net.thucydides.core.webdriver.ProvidedDriver (Could not instantiate the custom webdriver provider of type mydriver). See below for more details." type="net.thucydides.core.webdriver.DriverConfigurationError">Could not instantiate new WebDriver instance of type class net.thucydides.core.webdriver.ProvidedDriver (Could not instantiate the custom webdriver provider of type mydriver). See below for more details.</error><system-err>Could not instantiate new WebDriver instance of type class net.thucydides.core.webdriver.ProvidedDriver (Could not instantiate the custom webdriver provider of type mydriver). See below for more details.&#13;
com.automation.stepdefs.SearchGoogleStep.loadGoogleHomepage(SearchGoogleStep.java:22)&#13;
io.cucumber.java.Invoker.doInvoke(Invoker.java:66)&#13;
io.cucumber.java.Invoker.invoke(Invoker.java:24)&#13;
io.cucumber.java.AbstractGlueDefinition.invokeMethod(AbstractGlueDefinition.java:47)&#13;
io.cucumber.java.JavaStepDefinition.execute(JavaStepDefinition.java:29)&#13;
io.cucumber.core.runner.CoreStepDefinition.execute(CoreStepDefinition.java:66)&#13;
io.cucumber.core.runner.PickleStepDefinitionMatch.runStep(PickleStepDefinitionMatch.java:63)&#13;
io.cucumber.core.runner.TestStep.executeStep(TestStep.java:92)&#13;
io.cucumber.core.runner.TestStep.run(TestStep.java:64)&#13;
io.cucumber.core.runner.PickleStepTestStep.run(PickleStepTestStep.java:51)&#13;
io.cucumber.core.runner.TestCase.run(TestCase.java:104)&#13;
io.cucumber.core.runner.Runner.runPickle(Runner.java:73)&#13;
io.cucumber.core.runtime.Runtime.lambda$execute$5(Runtime.java:110)&#13;
io.cucumber.core.runtime.CucumberExecutionContext.runTestCase(CucumberExecutionContext.java:117)&#13;
io.cucumber.core.runtime.Runtime.lambda$execute$6(Runtime.java:110)&#13;
io.cucumber.core.runtime.Runtime.lambda$run$2(Runtime.java:86)&#13;
io.cucumber.core.runtime.Runtime.run(Runtime.java:87)&#13;
</system-err></testcase><testcase name="kai pan part 2"><error message="Could not instantiate new WebDriver instance of type class net.thucydides.core.webdriver.ProvidedDriver (Could not instantiate the custom webdriver provider of type mydriver). See below for more details." type="net.thucydides.core.webdriver.DriverConfigurationError">Could not instantiate new WebDriver instance of type class net.thucydides.core.webdriver.ProvidedDriver (Could not instantiate the custom webdriver provider of type mydriver). See below for more details.</error><system-err>Could not instantiate new WebDriver instance of type class net.thucydides.core.webdriver.ProvidedDriver (Could not instantiate the custom webdriver provider of type mydriver). See below for more details.&#13;
com.automation.stepdefs.SearchGoogleStep.loadGoogleHomepage(SearchGoogleStep.java:22)&#13;
io.cucumber.java.Invoker.doInvoke(Invoker.java:66)&#13;
io.cucumber.java.Invoker.invoke(Invoker.java:24)&#13;
io.cucumber.java.AbstractGlueDefinition.invokeMethod(AbstractGlueDefinition.java:47)&#13;
io.cucumber.java.JavaStepDefinition.execute(JavaStepDefinition.java:29)&#13;
io.cucumber.core.runner.CoreStepDefinition.execute(CoreStepDefinition.java:66)&#13;
io.cucumber.core.runner.PickleStepDefinitionMatch.runStep(PickleStepDefinitionMatch.java:63)&#13;
io.cucumber.core.runner.TestStep.executeStep(TestStep.java:92)&#13;
io.cucumber.core.runner.TestStep.run(TestStep.java:64)&#13;
io.cucumber.core.runner.PickleStepTestStep.run(PickleStepTestStep.java:51)&#13;
io.cucumber.core.runner.TestCase.run(TestCase.java:104)&#13;
io.cucumber.core.runner.Runner.runPickle(Runner.java:73)&#13;
io.cucumber.core.runtime.Runtime.lambda$execute$5(Runtime.java:110)&#13;
io.cucumber.core.runtime.CucumberExecutionContext.runTestCase(CucumberExecutionContext.java:117)&#13;
io.cucumber.core.runtime.Runtime.lambda$execute$6(Runtime.java:110)&#13;
io.cucumber.core.runtime.Runtime.lambda$run$2(Runtime.java:86)&#13;
io.cucumber.core.runtime.Runtime.run(Runtime.java:87)&#13;
</system-err></testcase></testsuite>